# JRE version: OpenJDK Runtime Environment Temurin-17.0.13+11 (17.0.13+11) (build 17.0.13+11)
# Java VM: OpenJDK 64-Bit Server VM Temurin-17.0.13+11 (17.0.13+11, mixed mode, tiered, compressed oops, compressed class ptrs, g1 gc, windows-amd64)
GC Precious Log:
 CPUs: 12 total, 12 available
 Memory: 16236M
 Large Page Support: Disabled
 NUMA Support: Disabled
 Compressed Oops: Enabled (Zero based)
 Heap Region Size: 2M
 Heap Min Capacity: 8M
 Heap Initial Capacity: 254M
 Heap Max Capacity: 4060M
 Pre-touch: Disabled
 Parallel Workers: 10
 Concurrent Workers: 3
 Concurrent Refinement Workers: 10
 Periodic GC: Disabled
Heap:
 garbage-first heap   total 520192K, used 190592K [0x0000000702400000, 0x0000000800000000)
  region size 2048K, 7 young (14336K), 7 survivors (14336K)
 Metaspace       used 40413K, committed 40960K, reserved 1114112K
  class space    used 4915K, committed 5184K, reserved 1048576K
GC Heap History (20 events):
Event: 29.176 GC heap after
{Heap after GC invocations=24 (full 0):
 garbage-first heap   total 389120K, used 267264K [0x0000000702400000, 0x0000000800000000)
  region size 2048K, 3 young (6144K), 3 survivors (6144K)
 Metaspace       used 39891K, committed 40384K, reserved 1114112K
  class space    used 4895K, committed 5120K, reserved 1048576K
}
Event: 418.613 GC heap before
{Heap before GC invocations=25 (full 0):
 garbage-first heap   total 389120K, used 149760K [0x0000000702400000, 0x0000000800000000)
  region size 2048K, 14 young (28672K), 3 survivors (6144K)
 Metaspace       used 40130K, committed 40576K, reserved 1114112K
  class space    used 4901K, committed 5120K, reserved 1048576K
}
Event: 418.617 GC heap after
{Heap after GC invocations=26 (full 0):
 garbage-first heap   total 389120K, used 136788K [0x0000000702400000, 0x0000000800000000)
  region size 2048K, 2 young (4096K), 2 survivors (4096K)
 Metaspace       used 40130K, committed 40576K, reserved 1114112K
  class space    used 4901K, committed 5120K, reserved 1048576K
}
Event: 418.829 GC heap before
{Heap before GC invocations=26 (full 0):
 garbage-first heap   total 389120K, used 216660K [0x0000000702400000, 0x0000000800000000)
  region size 2048K, 42 young (86016K), 2 survivors (4096K)
 Metaspace       used 40130K, committed 40576K, reserved 1114112K
  class space    used 4901K, committed 5120K, reserved 1048576K
}
Event: 418.841 GC heap after
{Heap after GC invocations=27 (full 0):
 garbage-first heap   total 389120K, used 218496K [0x0000000702400000, 0x0000000800000000)
  region size 2048K, 6 young (12288K), 6 survivors (12288K)
 Metaspace       used 40130K, committed 40576K, reserved 1114112K
  class space    used 4901K, committed 5120K, reserved 1048576K
}
Event: 418.872 GC heap before
{Heap before GC invocations=27 (full 0):
 garbage-first heap   total 389120K, used 228736K [0x0000000702400000, 0x0000000800000000)
  region size 2048K, 13 young (26624K), 6 survivors (12288K)
 Metaspace       used 40130K, committed 40576K, reserved 1114112K
  class space    used 4901K, committed 5120K, reserved 1048576K
}
Event: 418.877 GC heap after
{Heap after GC invocations=28 (full 0):
 garbage-first heap   total 555008K, used 231424K [0x0000000702400000, 0x0000000800000000)
  region size 2048K, 4 young (8192K), 4 survivors (8192K)
 Metaspace       used 40130K, committed 40576K, reserved 1114112K
  class space    used 4901K, committed 5120K, reserved 1048576K
}
Event: 418.888 GC heap before
{Heap before GC invocations=28 (full 0):
 garbage-first heap   total 555008K, used 280576K [0x0000000702400000, 0x0000000800000000)
  region size 2048K, 6 young (12288K), 4 survivors (8192K)
 Metaspace       used 40130K, committed 40576K, reserved 1114112K
  class space    used 4901K, committed 5120K, reserved 1048576K
}
Event: 418.891 GC heap after
{Heap after GC invocations=29 (full 0):
 garbage-first heap   total 555008K, used 283008K [0x0000000702400000, 0x0000000800000000)
  region size 2048K, 2 young (4096K), 2 survivors (4096K)
 Metaspace       used 40130K, committed 40576K, reserved 1114112K
  class space    used 4901K, committed 5120K, reserved 1048576K
}
Event: 434.047 GC heap before
{Heap before GC invocations=30 (full 0):
 garbage-first heap   total 555008K, used 352640K [0x0000000702400000, 0x0000000800000000)
  region size 2048K, 35 young (71680K), 2 survivors (4096K)
 Metaspace       used 40216K, committed 40704K, reserved 1114112K
  class space    used 4902K, committed 5120K, reserved 1048576K
}
Event: 434.050 GC heap after
{Heap after GC invocations=31 (full 0):
 garbage-first heap   total 555008K, used 239730K [0x0000000702400000, 0x0000000800000000)
  region size 2048K, 3 young (6144K), 3 survivors (6144K)
 Metaspace       used 40216K, committed 40704K, reserved 1114112K
  class space    used 4902K, committed 5120K, reserved 1048576K
}
Event: 434.121 GC heap before
{Heap before GC invocations=31 (full 0):
 garbage-first heap   total 555008K, used 258162K [0x0000000702400000, 0x0000000800000000)
  region size 2048K, 13 young (26624K), 3 survivors (6144K)
 Metaspace       used 40216K, committed 40704K, reserved 1114112K
  class space    used 4902K, committed 5120K, reserved 1048576K
}
Event: 434.125 GC heap after
{Heap after GC invocations=32 (full 0):
 garbage-first heap   total 555008K, used 256384K [0x0000000702400000, 0x0000000800000000)
  region size 2048K, 2 young (4096K), 2 survivors (4096K)
 Metaspace       used 40216K, committed 40704K, reserved 1114112K
  class space    used 4902K, committed 5120K, reserved 1048576K
}
Event: 434.236 GC heap before
{Heap before GC invocations=32 (full 0):
 garbage-first heap   total 555008K, used 285056K [0x0000000702400000, 0x0000000800000000)
  region size 2048K, 18 young (36864K), 2 survivors (4096K)
 Metaspace       used 40216K, committed 40704K, reserved 1114112K
  class space    used 4902K, committed 5120K, reserved 1048576K
}
Event: 434.241 GC heap after
{Heap after GC invocations=33 (full 0):
 garbage-first heap   total 555008K, used 288640K [0x0000000702400000, 0x0000000800000000)
  region size 2048K, 6 young (12288K), 6 survivors (12288K)
 Metaspace       used 40216K, committed 40704K, reserved 1114112K
  class space    used 4902K, committed 5120K, reserved 1048576K
}
Event: 434.685 GC heap before
{Heap before GC invocations=34 (full 0):
 garbage-first heap   total 458752K, used 251776K [0x0000000702400000, 0x0000000800000000)
  region size 2048K, 41 young (83968K), 6 survivors (12288K)
 Metaspace       used 40388K, committed 40896K, reserved 1114112K
  class space    used 4914K, committed 5184K, reserved 1048576K
}
Event: 434.687 GC heap after
{Heap after GC invocations=35 (full 0):
 garbage-first heap   total 458752K, used 127964K [0x0000000702400000, 0x0000000800000000)
  region size 2048K, 4 young (8192K), 4 survivors (8192K)
 Metaspace       used 40388K, committed 40896K, reserved 1114112K
  class space    used 4914K, committed 5184K, reserved 1048576K
}
Event: 434.734 GC heap before
{Heap before GC invocations=35 (full 0):
 garbage-first heap   total 458752K, used 140252K [0x0000000702400000, 0x0000000800000000)
  region size 2048K, 11 young (22528K), 4 survivors (8192K)
 Metaspace       used 40388K, committed 40896K, reserved 1114112K
  class space    used 4914K, committed 5184K, reserved 1048576K
}
Event: 434.737 GC heap after
{Heap after GC invocations=36 (full 0):
 garbage-first heap   total 458752K, used 140928K [0x0000000702400000, 0x0000000800000000)
  region size 2048K, 2 young (4096K), 2 survivors (4096K)
 Metaspace       used 40388K, committed 40896K, reserved 1114112K
  class space    used 4914K, committed 5184K, reserved 1048576K
}
Event: 434.857 GC heap before
{Heap before GC invocations=36 (full 0):
 garbage-first heap   total 458752K, used 192128K [0x0000000702400000, 0x0000000800000000)
  region size 2048K, 29 young (59392K), 2 survivors (4096K)
 Metaspace       used 40413K, committed 40960K, reserved 1114112K
  class space    used 4915K, committed 5184K, reserved 1048576K
}

