# JRE version: OpenJDK Runtime Environment Temurin-17.0.13+11 (17.0.13+11) (build 17.0.13+11)
# Java VM: OpenJDK 64-Bit Server VM Temurin-17.0.13+11 (17.0.13+11, mixed mode, tiered, compressed oops, compressed class ptrs, g1 gc, windows-amd64)
GC Precious Log:
 CPUs: 12 total, 12 available
 Memory: 16236M
 Large Page Support: Disabled
 NUMA Support: Disabled
 Compressed Oops: Enabled (Zero based)
 Heap Region Size: 2M
 Heap Min Capacity: 8M
 Heap Initial Capacity: 254M
 Heap Max Capacity: 4060M
 Pre-touch: Disabled
 Parallel Workers: 10
 Concurrent Workers: 3
 Concurrent Refinement Workers: 10
 Periodic GC: Disabled
Heap:
 garbage-first heap   total 610304K, used 181377K [0x0000000702400000, 0x0000000800000000)
  region size 2048K, 4 young (8192K), 4 survivors (8192K)
 Metaspace       used 41956K, committed 42496K, reserved 1114112K
  class space    used 4929K, committed 5184K, reserved 1048576K
GC Heap History (20 events):
Event: 1238.474 GC heap after
{Heap after GC invocations=281 (full 0):
 garbage-first heap   total 491520K, used 123650K [0x0000000702400000, 0x0000000800000000)
  region size 2048K, 9 young (18432K), 9 survivors (18432K)
 Metaspace       used 41909K, committed 42368K, reserved 1114112K
  class space    used 4923K, committed 5184K, reserved 1048576K
}
Event: 1240.493 GC heap before
{Heap before GC invocations=282 (full 0):
 garbage-first heap   total 485376K, used 349825K [0x0000000702400000, 0x0000000800000000)
  region size 2048K, 64 young (131072K), 9 survivors (18432K)
 Metaspace       used 41912K, committed 42368K, reserved 1114112K
  class space    used 4923K, committed 5184K, reserved 1048576K
}
Event: 1240.494 GC heap after
{Heap after GC invocations=283 (full 0):
 garbage-first heap   total 485376K, used 174100K [0x0000000702400000, 0x0000000800000000)
  region size 2048K, 2 young (4096K), 2 survivors (4096K)
 Metaspace       used 41912K, committed 42368K, reserved 1114112K
  class space    used 4923K, committed 5184K, reserved 1048576K
}
Event: 1240.583 GC heap before
{Heap before GC invocations=283 (full 0):
 garbage-first heap   total 485376K, used 190484K [0x0000000702400000, 0x0000000800000000)
  region size 2048K, 11 young (22528K), 2 survivors (4096K)
 Metaspace       used 41912K, committed 42368K, reserved 1114112K
  class space    used 4923K, committed 5184K, reserved 1048576K
}
Event: 1240.586 GC heap after
{Heap after GC invocations=284 (full 0):
 garbage-first heap   total 485376K, used 140546K [0x0000000702400000, 0x0000000800000000)
  region size 2048K, 2 young (4096K), 2 survivors (4096K)
 Metaspace       used 41912K, committed 42368K, reserved 1114112K
  class space    used 4923K, committed 5184K, reserved 1048576K
}
Event: 1240.709 GC heap before
{Heap before GC invocations=284 (full 0):
 garbage-first heap   total 485376K, used 171266K [0x0000000702400000, 0x0000000800000000)
  region size 2048K, 19 young (38912K), 2 survivors (4096K)
 Metaspace       used 41912K, committed 42368K, reserved 1114112K
  class space    used 4923K, committed 5184K, reserved 1048576K
}
Event: 1240.716 GC heap after
{Heap after GC invocations=285 (full 0):
 garbage-first heap   total 610304K, used 174338K [0x0000000702400000, 0x0000000800000000)
  region size 2048K, 8 young (16384K), 8 survivors (16384K)
 Metaspace       used 41912K, committed 42368K, reserved 1114112K
  class space    used 4923K, committed 5184K, reserved 1048576K
}
Event: 1241.174 GC heap before
{Heap before GC invocations=286 (full 0):
 garbage-first heap   total 499712K, used 366465K [0x0000000702400000, 0x0000000800000000)
  region size 2048K, 72 young (147456K), 8 survivors (16384K)
 Metaspace       used 41913K, committed 42368K, reserved 1114112K
  class space    used 4923K, committed 5184K, reserved 1048576K
}
Event: 1241.178 GC heap after
{Heap after GC invocations=287 (full 0):
 garbage-first heap   total 499712K, used 145674K [0x0000000702400000, 0x0000000800000000)
  region size 2048K, 10 young (20480K), 10 survivors (20480K)
 Metaspace       used 41913K, committed 42368K, reserved 1114112K
  class space    used 4923K, committed 5184K, reserved 1048576K
}
Event: 1241.197 GC heap before
{Heap before GC invocations=287 (full 0):
 garbage-first heap   total 499712K, used 147722K [0x0000000702400000, 0x0000000800000000)
  region size 2048K, 12 young (24576K), 10 survivors (20480K)
 Metaspace       used 41913K, committed 42368K, reserved 1114112K
  class space    used 4923K, committed 5184K, reserved 1048576K
}
Event: 1241.200 GC heap after
{Heap after GC invocations=288 (full 0):
 garbage-first heap   total 499712K, used 147858K [0x0000000702400000, 0x0000000800000000)
  region size 2048K, 2 young (4096K), 2 survivors (4096K)
 Metaspace       used 41913K, committed 42368K, reserved 1114112K
  class space    used 4923K, committed 5184K, reserved 1048576K
}
Event: 1241.325 GC heap before
{Heap before GC invocations=288 (full 0):
 garbage-first heap   total 499712K, used 194962K [0x0000000702400000, 0x0000000800000000)
  region size 2048K, 27 young (55296K), 2 survivors (4096K)
 Metaspace       used 41913K, committed 42368K, reserved 1114112K
  class space    used 4923K, committed 5184K, reserved 1048576K
}
Event: 1241.333 GC heap after
{Heap after GC invocations=289 (full 0):
 garbage-first heap   total 499712K, used 195970K [0x0000000702400000, 0x0000000800000000)
  region size 2048K, 8 young (16384K), 8 survivors (16384K)
 Metaspace       used 41913K, committed 42368K, reserved 1114112K
  class space    used 4923K, committed 5184K, reserved 1048576K
}
Event: 1245.160 GC heap before
{Heap before GC invocations=290 (full 0):
 garbage-first heap   total 499712K, used 295681K [0x0000000702400000, 0x0000000800000000)
  region size 2048K, 51 young (104448K), 8 survivors (16384K)
 Metaspace       used 41915K, committed 42432K, reserved 1114112K
  class space    used 4923K, committed 5184K, reserved 1048576K
}
Event: 1245.169 GC heap after
{Heap after GC invocations=291 (full 0):
 garbage-first heap   total 499712K, used 196865K [0x0000000702400000, 0x0000000800000000)
  region size 2048K, 7 young (14336K), 7 survivors (14336K)
 Metaspace       used 41915K, committed 42432K, reserved 1114112K
  class space    used 4923K, committed 5184K, reserved 1048576K
}
Event: 1555.076 GC heap before
{Heap before GC invocations=291 (full 0):
 garbage-first heap   total 499712K, used 254209K [0x0000000702400000, 0x0000000800000000)
  region size 2048K, 12 young (24576K), 7 survivors (14336K)
 Metaspace       used 41920K, committed 42432K, reserved 1114112K
  class space    used 4923K, committed 5184K, reserved 1048576K
}
Event: 1555.078 GC heap after
{Heap after GC invocations=292 (full 0):
 garbage-first heap   total 499712K, used 187818K [0x0000000702400000, 0x0000000800000000)
  region size 2048K, 2 young (4096K), 2 survivors (4096K)
 Metaspace       used 41920K, committed 42432K, reserved 1114112K
  class space    used 4923K, committed 5184K, reserved 1048576K
}
Event: 1555.339 GC heap before
{Heap before GC invocations=292 (full 0):
 garbage-first heap   total 499712K, used 279978K [0x0000000702400000, 0x0000000800000000)
  region size 2048K, 48 young (98304K), 2 survivors (4096K)
 Metaspace       used 41920K, committed 42432K, reserved 1114112K
  class space    used 4923K, committed 5184K, reserved 1048576K
}
Event: 1555.353 GC heap after
{Heap after GC invocations=293 (full 0):
 garbage-first heap   total 499712K, used 281601K [0x0000000702400000, 0x0000000800000000)
  region size 2048K, 6 young (12288K), 6 survivors (12288K)
 Metaspace       used 41920K, committed 42432K, reserved 1114112K
  class space    used 4923K, committed 5184K, reserved 1048576K
}
Event: 1557.085 GC heap before
{Heap before GC invocations=294 (full 0):
 garbage-first heap   total 499712K, used 238593K [0x0000000702400000, 0x0000000800000000)
  region size 2048K, 31 young (63488K), 6 survivors (12288K)
 Metaspace       used 41956K, committed 42496K, reserved 1114112K
  class space    used 4929K, committed 5184K, reserved 1048576K
}

