# JRE version: OpenJDK Runtime Environment Temurin-17.0.13+11 (17.0.13+11) (build 17.0.13+11)
# Java VM: OpenJDK 64-Bit Server VM Temurin-17.0.13+11 (17.0.13+11, mixed mode, tiered, compressed oops, compressed class ptrs, parallel gc, windows-amd64)
GC Precious Log:
 CPUs: 12 total, 12 available
 Memory: 16236M
 Large Page Support: Disabled
 NUMA Support: Disabled
 Compressed Oops: Enabled (32-bit)
 Alignments: Space 512K, Generation 512K, Heap 2M
 Heap Min Capacity: 100M
 Heap Initial Capacity: 100M
 Heap Max Capacity: 1G
 Pre-touch: Disabled
 Parallel Workers: 10
Heap:
 PSYoungGen      total 23552K, used 596K [0x00000000eab00000, 0x00000000ec300000, 0x0000000100000000)
  eden space 21504K, 1% used [0x00000000eab00000,0x00000000eab652c0,0x00000000ec000000)
  from space 2048K, 9% used [0x00000000ec000000,0x00000000ec030000,0x00000000ec200000)
  to   space 1024K, 0% used [0x00000000ec200000,0x00000000ec200000,0x00000000ec300000)
 ParOldGen       total 68608K, used 19750K [0x00000000c0000000, 0x00000000c4300000, 0x00000000eab00000)
  object space 68608K, 28% used [0x00000000c0000000,0x00000000c13499c0,0x00000000c4300000)
 Metaspace       used 42013K, committed 42752K, reserved 1114112K
  class space    used 4288K, committed 4608K, reserved 1048576K
GC Heap History (20 events):
Event: 2.903 GC heap before
{Heap before GC invocations=7 (full 1):
 PSYoungGen      total 26112K, used 25857K [0x00000000eab00000, 0x00000000ec880000, 0x0000000100000000)
  eden space 25088K, 100% used [0x00000000eab00000,0x00000000ec380000,0x00000000ec380000)
  from space 1024K, 75% used [0x00000000ec400000,0x00000000ec4c0488,0x00000000ec500000)
  to   space 2560K, 0% used [0x00000000ec600000,0x00000000ec600000,0x00000000ec880000)
 ParOldGen       total 68608K, used 7004K [0x00000000c0000000, 0x00000000c4300000, 0x00000000eab00000)
  object space 68608K, 10% used [0x00000000c0000000,0x00000000c06d71c0,0x00000000c4300000)
 Metaspace       used 27912K, committed 28352K, reserved 1114112K
  class space    used 2711K, committed 2880K, reserved 1048576K
}
Event: 2.905 GC heap after
{Heap after GC invocations=7 (full 1):
 PSYoungGen      total 26624K, used 1980K [0x00000000eab00000, 0x00000000ec800000, 0x0000000100000000)
  eden space 24576K, 0% used [0x00000000eab00000,0x00000000eab00000,0x00000000ec300000)
  from space 2048K, 96% used [0x00000000ec600000,0x00000000ec7ef228,0x00000000ec800000)
  to   space 2560K, 0% used [0x00000000ec300000,0x00000000ec300000,0x00000000ec580000)
 ParOldGen       total 68608K, used 7793K [0x00000000c0000000, 0x00000000c4300000, 0x00000000eab00000)
  object space 68608K, 11% used [0x00000000c0000000,0x00000000c079c6d0,0x00000000c4300000)
 Metaspace       used 27912K, committed 28352K, reserved 1114112K
  class space    used 2711K, committed 2880K, reserved 1048576K
}
Event: 3.182 GC heap before
{Heap before GC invocations=8 (full 1):
 PSYoungGen      total 26624K, used 26556K [0x00000000eab00000, 0x00000000ec800000, 0x0000000100000000)
  eden space 24576K, 100% used [0x00000000eab00000,0x00000000ec300000,0x00000000ec300000)
  from space 2048K, 96% used [0x00000000ec600000,0x00000000ec7ef228,0x00000000ec800000)
  to   space 2560K, 0% used [0x00000000ec300000,0x00000000ec300000,0x00000000ec580000)
 ParOldGen       total 68608K, used 7793K [0x00000000c0000000, 0x00000000c4300000, 0x00000000eab00000)
  object space 68608K, 11% used [0x00000000c0000000,0x00000000c079c6d0,0x00000000c4300000)
 Metaspace       used 30504K, committed 30976K, reserved 1114112K
  class space    used 2949K, committed 3136K, reserved 1048576K
}
Event: 3.184 GC heap after
{Heap after GC invocations=8 (full 1):
 PSYoungGen      total 26624K, used 2534K [0x00000000eab00000, 0x00000000eca80000, 0x0000000100000000)
  eden space 24064K, 0% used [0x00000000eab00000,0x00000000eab00000,0x00000000ec280000)
  from space 2560K, 99% used [0x00000000ec300000,0x00000000ec579be0,0x00000000ec580000)
  to   space 4096K, 0% used [0x00000000ec680000,0x00000000ec680000,0x00000000eca80000)
 ParOldGen       total 68608K, used 8735K [0x00000000c0000000, 0x00000000c4300000, 0x00000000eab00000)
  object space 68608K, 12% used [0x00000000c0000000,0x00000000c0887e48,0x00000000c4300000)
 Metaspace       used 30504K, committed 30976K, reserved 1114112K
  class space    used 2949K, committed 3136K, reserved 1048576K
}
Event: 3.437 GC heap before
{Heap before GC invocations=9 (full 1):
 PSYoungGen      total 26624K, used 26597K [0x00000000eab00000, 0x00000000eca80000, 0x0000000100000000)
  eden space 24064K, 99% used [0x00000000eab00000,0x00000000ec27f898,0x00000000ec280000)
  from space 2560K, 99% used [0x00000000ec300000,0x00000000ec579be0,0x00000000ec580000)
  to   space 4096K, 0% used [0x00000000ec680000,0x00000000ec680000,0x00000000eca80000)
 ParOldGen       total 68608K, used 8735K [0x00000000c0000000, 0x00000000c4300000, 0x00000000eab00000)
  object space 68608K, 12% used [0x00000000c0000000,0x00000000c0887e48,0x00000000c4300000)
 Metaspace       used 34246K, committed 34880K, reserved 1114112K
  class space    used 3391K, committed 3584K, reserved 1048576K
}
Event: 3.440 GC heap after
{Heap after GC invocations=9 (full 1):
 PSYoungGen      total 27648K, used 3862K [0x00000000eab00000, 0x00000000eca80000, 0x0000000100000000)
  eden space 23552K, 0% used [0x00000000eab00000,0x00000000eab00000,0x00000000ec200000)
  from space 4096K, 94% used [0x00000000ec680000,0x00000000eca458a0,0x00000000eca80000)
  to   space 4096K, 0% used [0x00000000ec280000,0x00000000ec280000,0x00000000ec680000)
 ParOldGen       total 68608K, used 8743K [0x00000000c0000000, 0x00000000c4300000, 0x00000000eab00000)
  object space 68608K, 12% used [0x00000000c0000000,0x00000000c0889e48,0x00000000c4300000)
 Metaspace       used 34246K, committed 34880K, reserved 1114112K
  class space    used 3391K, committed 3584K, reserved 1048576K
}
Event: 3.482 GC heap before
{Heap before GC invocations=10 (full 1):
 PSYoungGen      total 27648K, used 10032K [0x00000000eab00000, 0x00000000eca80000, 0x0000000100000000)
  eden space 23552K, 26% used [0x00000000eab00000,0x00000000eb106b40,0x00000000ec200000)
  from space 4096K, 94% used [0x00000000ec680000,0x00000000eca458a0,0x00000000eca80000)
  to   space 4096K, 0% used [0x00000000ec280000,0x00000000ec280000,0x00000000ec680000)
 ParOldGen       total 68608K, used 8743K [0x00000000c0000000, 0x00000000c4300000, 0x00000000eab00000)
  object space 68608K, 12% used [0x00000000c0000000,0x00000000c0889e48,0x00000000c4300000)
 Metaspace       used 35216K, committed 35840K, reserved 1114112K
  class space    used 3511K, committed 3776K, reserved 1048576K
}
Event: 3.484 GC heap after
{Heap after GC invocations=10 (full 1):
 PSYoungGen      total 26112K, used 2336K [0x00000000eab00000, 0x00000000ec800000, 0x0000000100000000)
  eden space 23552K, 0% used [0x00000000eab00000,0x00000000eab00000,0x00000000ec200000)
  from space 2560K, 91% used [0x00000000ec280000,0x00000000ec4c8388,0x00000000ec500000)
  to   space 3072K, 0% used [0x00000000ec500000,0x00000000ec500000,0x00000000ec800000)
 ParOldGen       total 68608K, used 10383K [0x00000000c0000000, 0x00000000c4300000, 0x00000000eab00000)
  object space 68608K, 15% used [0x00000000c0000000,0x00000000c0a23ce8,0x00000000c4300000)
 Metaspace       used 35216K, committed 35840K, reserved 1114112K
  class space    used 3511K, committed 3776K, reserved 1048576K
}
Event: 3.484 GC heap before
{Heap before GC invocations=11 (full 2):
 PSYoungGen      total 26112K, used 2336K [0x00000000eab00000, 0x00000000ec800000, 0x0000000100000000)
  eden space 23552K, 0% used [0x00000000eab00000,0x00000000eab00000,0x00000000ec200000)
  from space 2560K, 91% used [0x00000000ec280000,0x00000000ec4c8388,0x00000000ec500000)
  to   space 3072K, 0% used [0x00000000ec500000,0x00000000ec500000,0x00000000ec800000)
 ParOldGen       total 68608K, used 10383K [0x00000000c0000000, 0x00000000c4300000, 0x00000000eab00000)
  object space 68608K, 15% used [0x00000000c0000000,0x00000000c0a23ce8,0x00000000c4300000)
 Metaspace       used 35216K, committed 35840K, reserved 1114112K
  class space    used 3511K, committed 3776K, reserved 1048576K
}
Event: 3.501 GC heap after
{Heap after GC invocations=11 (full 2):
 PSYoungGen      total 26112K, used 0K [0x00000000eab00000, 0x00000000ec800000, 0x0000000100000000)
  eden space 23552K, 0% used [0x00000000eab00000,0x00000000eab00000,0x00000000ec200000)
  from space 2560K, 0% used [0x00000000ec280000,0x00000000ec280000,0x00000000ec500000)
  to   space 3072K, 0% used [0x00000000ec500000,0x00000000ec500000,0x00000000ec800000)
 ParOldGen       total 68608K, used 12373K [0x00000000c0000000, 0x00000000c4300000, 0x00000000eab00000)
  object space 68608K, 18% used [0x00000000c0000000,0x00000000c0c156b0,0x00000000c4300000)
 Metaspace       used 35216K, committed 35840K, reserved 1114112K
  class space    used 3511K, committed 3776K, reserved 1048576K
}
Event: 12.812 GC heap before
{Heap before GC invocations=12 (full 2):
 PSYoungGen      total 26112K, used 23552K [0x00000000eab00000, 0x00000000ec800000, 0x0000000100000000)
  eden space 23552K, 100% used [0x00000000eab00000,0x00000000ec200000,0x00000000ec200000)
  from space 2560K, 0% used [0x00000000ec280000,0x00000000ec280000,0x00000000ec500000)
  to   space 3072K, 0% used [0x00000000ec500000,0x00000000ec500000,0x00000000ec800000)
 ParOldGen       total 68608K, used 12373K [0x00000000c0000000, 0x00000000c4300000, 0x00000000eab00000)
  object space 68608K, 18% used [0x00000000c0000000,0x00000000c0c156b0,0x00000000c4300000)
 Metaspace       used 38259K, committed 38912K, reserved 1114112K
  class space    used 3841K, committed 4096K, reserved 1048576K
}
Event: 12.818 GC heap after
{Heap after GC invocations=12 (full 2):
 PSYoungGen      total 25088K, used 1931K [0x00000000eab00000, 0x00000000ec700000, 0x0000000100000000)
  eden space 23040K, 0% used [0x00000000eab00000,0x00000000eab00000,0x00000000ec180000)
  from space 2048K, 94% used [0x00000000ec500000,0x00000000ec6e2e38,0x00000000ec700000)
  to   space 2560K, 0% used [0x00000000ec200000,0x00000000ec200000,0x00000000ec480000)
 ParOldGen       total 68608K, used 12381K [0x00000000c0000000, 0x00000000c4300000, 0x00000000eab00000)
  object space 68608K, 18% used [0x00000000c0000000,0x00000000c0c176b0,0x00000000c4300000)
 Metaspace       used 38259K, committed 38912K, reserved 1114112K
  class space    used 3841K, committed 4096K, reserved 1048576K
}
Event: 13.136 GC heap before
{Heap before GC invocations=13 (full 2):
 PSYoungGen      total 25088K, used 24971K [0x00000000eab00000, 0x00000000ec700000, 0x0000000100000000)
  eden space 23040K, 100% used [0x00000000eab00000,0x00000000ec180000,0x00000000ec180000)
  from space 2048K, 94% used [0x00000000ec500000,0x00000000ec6e2e38,0x00000000ec700000)
  to   space 2560K, 0% used [0x00000000ec200000,0x00000000ec200000,0x00000000ec480000)
 ParOldGen       total 68608K, used 12381K [0x00000000c0000000, 0x00000000c4300000, 0x00000000eab00000)
  object space 68608K, 18% used [0x00000000c0000000,0x00000000c0c176b0,0x00000000c4300000)
 Metaspace       used 38746K, committed 39488K, reserved 1114112K
  class space    used 3923K, committed 4224K, reserved 1048576K
}
Event: 13.140 GC heap after
{Heap after GC invocations=13 (full 2):
 PSYoungGen      total 25088K, used 2097K [0x00000000eab00000, 0x00000000ec600000, 0x0000000100000000)
  eden space 22528K, 0% used [0x00000000eab00000,0x00000000eab00000,0x00000000ec100000)
  from space 2560K, 81% used [0x00000000ec200000,0x00000000ec40c420,0x00000000ec480000)
  to   space 1536K, 0% used [0x00000000ec480000,0x00000000ec480000,0x00000000ec600000)
 ParOldGen       total 68608K, used 14150K [0x00000000c0000000, 0x00000000c4300000, 0x00000000eab00000)
  object space 68608K, 20% used [0x00000000c0000000,0x00000000c0dd18e0,0x00000000c4300000)
 Metaspace       used 38746K, committed 39488K, reserved 1114112K
  class space    used 3923K, committed 4224K, reserved 1048576K
}
Event: 13.321 GC heap before
{Heap before GC invocations=14 (full 2):
 PSYoungGen      total 25088K, used 24625K [0x00000000eab00000, 0x00000000ec600000, 0x0000000100000000)
  eden space 22528K, 100% used [0x00000000eab00000,0x00000000ec100000,0x00000000ec100000)
  from space 2560K, 81% used [0x00000000ec200000,0x00000000ec40c420,0x00000000ec480000)
  to   space 1536K, 0% used [0x00000000ec480000,0x00000000ec480000,0x00000000ec600000)
 ParOldGen       total 68608K, used 14150K [0x00000000c0000000, 0x00000000c4300000, 0x00000000eab00000)
  object space 68608K, 20% used [0x00000000c0000000,0x00000000c0dd18e0,0x00000000c4300000)
 Metaspace       used 38836K, committed 39552K, reserved 1114112K
  class space    used 3927K, committed 4224K, reserved 1048576K
}
Event: 13.325 GC heap after
{Heap after GC invocations=14 (full 2):
 PSYoungGen      total 23040K, used 1506K [0x00000000eab00000, 0x00000000ec980000, 0x0000000100000000)
  eden space 21504K, 0% used [0x00000000eab00000,0x00000000eab00000,0x00000000ec000000)
  from space 1536K, 98% used [0x00000000ec480000,0x00000000ec5f8800,0x00000000ec600000)
  to   space 4608K, 0% used [0x00000000ec000000,0x00000000ec000000,0x00000000ec480000)
 ParOldGen       total 68608K, used 16494K [0x00000000c0000000, 0x00000000c4300000, 0x00000000eab00000)
  object space 68608K, 24% used [0x00000000c0000000,0x00000000c101b900,0x00000000c4300000)
 Metaspace       used 38836K, committed 39552K, reserved 1114112K
  class space    used 3927K, committed 4224K, reserved 1048576K
}
Event: 13.667 GC heap before
{Heap before GC invocations=15 (full 2):
 PSYoungGen      total 23040K, used 22977K [0x00000000eab00000, 0x00000000ec980000, 0x0000000100000000)
  eden space 21504K, 99% used [0x00000000eab00000,0x00000000ebff7eb8,0x00000000ec000000)
  from space 1536K, 98% used [0x00000000ec480000,0x00000000ec5f8800,0x00000000ec600000)
  to   space 4608K, 0% used [0x00000000ec000000,0x00000000ec000000,0x00000000ec480000)
 ParOldGen       total 68608K, used 16494K [0x00000000c0000000, 0x00000000c4300000, 0x00000000eab00000)
  object space 68608K, 24% used [0x00000000c0000000,0x00000000c101b900,0x00000000c4300000)
 Metaspace       used 40029K, committed 40832K, reserved 1114112K
  class space    used 4078K, committed 4416K, reserved 1048576K
}
Event: 13.692 GC heap after
{Heap after GC invocations=15 (full 2):
 PSYoungGen      total 23552K, used 1719K [0x00000000eab00000, 0x00000000ec500000, 0x0000000100000000)
  eden space 21504K, 0% used [0x00000000eab00000,0x00000000eab00000,0x00000000ec000000)
  from space 2048K, 83% used [0x00000000ec000000,0x00000000ec1adcc0,0x00000000ec200000)
  to   space 2560K, 0% used [0x00000000ec280000,0x00000000ec280000,0x00000000ec500000)
 ParOldGen       total 68608K, used 18032K [0x00000000c0000000, 0x00000000c4300000, 0x00000000eab00000)
  object space 68608K, 26% used [0x00000000c0000000,0x00000000c119c100,0x00000000c4300000)
 Metaspace       used 40029K, committed 40832K, reserved 1114112K
  class space    used 4078K, committed 4416K, reserved 1048576K
}
Event: 13.995 GC heap before
{Heap before GC invocations=16 (full 2):
 PSYoungGen      total 23552K, used 23223K [0x00000000eab00000, 0x00000000ec500000, 0x0000000100000000)
  eden space 21504K, 100% used [0x00000000eab00000,0x00000000ec000000,0x00000000ec000000)
  from space 2048K, 83% used [0x00000000ec000000,0x00000000ec1adcc0,0x00000000ec200000)
  to   space 2560K, 0% used [0x00000000ec280000,0x00000000ec280000,0x00000000ec500000)
 ParOldGen       total 68608K, used 18032K [0x00000000c0000000, 0x00000000c4300000, 0x00000000eab00000)
  object space 68608K, 26% used [0x00000000c0000000,0x00000000c119c100,0x00000000c4300000)
 Metaspace       used 40879K, committed 41664K, reserved 1114112K
  class space    used 4174K, committed 4480K, reserved 1048576K
}
Event: 13.999 GC heap after
{Heap after GC invocations=16 (full 2):
 PSYoungGen      total 23552K, used 1555K [0x00000000eab00000, 0x00000000ec480000, 0x0000000100000000)
  eden space 21504K, 0% used [0x00000000eab00000,0x00000000eab00000,0x00000000ec000000)
  from space 2048K, 75% used [0x00000000ec280000,0x00000000ec404d00,0x00000000ec480000)
  to   space 2048K, 0% used [0x00000000ec000000,0x00000000ec000000,0x00000000ec200000)
 ParOldGen       total 68608K, used 19582K [0x00000000c0000000, 0x00000000c4300000, 0x00000000eab00000)
  object space 68608K, 28% used [0x00000000c0000000,0x00000000c131f9c0,0x00000000c4300000)
 Metaspace       used 40879K, committed 41664K, reserved 1114112K
  class space    used 4174K, committed 4480K, reserved 1048576K
}

